{
  "uid" : "7923186b849bfd33",
  "name" : "登录失败",
  "fullName" : "cases.test_loginfail.Test_Loginfail#test_loginfail",
  "historyId" : "3d1f0b6cffcd0489525db73c0191dca1",
  "time" : {
    "start" : 1622199724770,
    "stop" : 1622199739411,
    "duration" : 14641
  },
  "status" : "failed",
  "statusMessage" : "AssertionError: assert 'http://testi...er/login.html' == 'http://www.t...er/index.html'\n  - http://www.testingedu.com.cn:8000/index.php/Home/User/index.html\n  ?        ----                                      ^      ---\n  + http://testingedu.com.cn:8000/index.php/Home/user/login.html\n  ?                                              ^    +++",
  "statusTrace" : "self = <cases.test_loginfail.Test_Loginfail object at 0x7fa5fd3aa040>\nlistcases = ['固定等待', 'sleep', 2]\n\n    @pytest.mark.parametrize('listcases', datas['loginfailPage'])\n    @allure.story(\"用户登陆\")\n    @pytest.mark.login\n    @pytest.mark.run(order=1)\n    def test_loginfail(self, listcases):\n        allure.dynamic.title(listcases['title'])  # 获取yaml中的title\n    \n        testcase = listcases['cases']\n        for cases in testcase:\n            listcases = list(cases.values())  # 获取字典列表值\n            with allure.step(listcases[0]):\n                func = getattr(self.web, listcases[1])\n                values = listcases[2:]\n                func(*values)\n            self.web.sleep(2)\n    \n        url = self.web.currentPageUrl()\n        print(\"当前页面的url是：\", url)\n>       assert url == \"http://www.testingedu.com.cn:8000/index.php/Home/User/index.html\"\nE       AssertionError: assert 'http://testi...er/login.html' == 'http://www.t...er/index.html'\nE         - http://www.testingedu.com.cn:8000/index.php/Home/User/index.html\nE         ?        ----                                      ^      ---\nE         + http://testingedu.com.cn:8000/index.php/Home/user/login.html\nE         ?                                              ^    +++\n\ncases/test_loginfail.py:42: AssertionError",
  "flaky" : true,
  "beforeStages" : [ {
    "name" : "xunit_setup_class_fixture_Test_Loginfail",
    "time" : {
      "start" : 1622199723609,
      "stop" : 1622199724765,
      "duration" : 1156
    },
    "status" : "passed",
    "steps" : [ ],
    "attachments" : [ ],
    "parameters" : [ ],
    "stepsCount" : 0,
    "attachmentsCount" : 0,
    "shouldDisplayMessage" : false,
    "hasContent" : false
  } ],
  "testStage" : {
    "status" : "failed",
    "statusMessage" : "AssertionError: assert 'http://testi...er/login.html' == 'http://www.t...er/index.html'\n  - http://www.testingedu.com.cn:8000/index.php/Home/User/index.html\n  ?        ----                                      ^      ---\n  + http://testingedu.com.cn:8000/index.php/Home/user/login.html\n  ?                                              ^    +++",
    "statusTrace" : "self = <cases.test_loginfail.Test_Loginfail object at 0x7fa5fd3aa040>\nlistcases = ['固定等待', 'sleep', 2]\n\n    @pytest.mark.parametrize('listcases', datas['loginfailPage'])\n    @allure.story(\"用户登陆\")\n    @pytest.mark.login\n    @pytest.mark.run(order=1)\n    def test_loginfail(self, listcases):\n        allure.dynamic.title(listcases['title'])  # 获取yaml中的title\n    \n        testcase = listcases['cases']\n        for cases in testcase:\n            listcases = list(cases.values())  # 获取字典列表值\n            with allure.step(listcases[0]):\n                func = getattr(self.web, listcases[1])\n                values = listcases[2:]\n                func(*values)\n            self.web.sleep(2)\n    \n        url = self.web.currentPageUrl()\n        print(\"当前页面的url是：\", url)\n>       assert url == \"http://www.testingedu.com.cn:8000/index.php/Home/User/index.html\"\nE       AssertionError: assert 'http://testi...er/login.html' == 'http://www.t...er/index.html'\nE         - http://www.testingedu.com.cn:8000/index.php/Home/User/index.html\nE         ?        ----                                      ^      ---\nE         + http://testingedu.com.cn:8000/index.php/Home/user/login.html\nE         ?                                              ^    +++\n\ncases/test_loginfail.py:42: AssertionError",
    "steps" : [ {
      "name" : "打开登录页",
      "time" : {
        "start" : 1622199724771,
        "stop" : 1622199725112,
        "duration" : 341
      },
      "status" : "passed",
      "steps" : [ ],
      "attachments" : [ ],
      "parameters" : [ ],
      "stepsCount" : 0,
      "attachmentsCount" : 0,
      "shouldDisplayMessage" : false,
      "hasContent" : false
    }, {
      "name" : "输入用户名",
      "time" : {
        "start" : 1622199727117,
        "stop" : 1622199727226,
        "duration" : 109
      },
      "status" : "passed",
      "steps" : [ ],
      "attachments" : [ ],
      "parameters" : [ ],
      "stepsCount" : 0,
      "attachmentsCount" : 0,
      "shouldDisplayMessage" : false,
      "hasContent" : false
    }, {
      "name" : "输入密码",
      "time" : {
        "start" : 1622199729231,
        "stop" : 1622199729276,
        "duration" : 45
      },
      "status" : "passed",
      "steps" : [ ],
      "attachments" : [ ],
      "parameters" : [ ],
      "stepsCount" : 0,
      "attachmentsCount" : 0,
      "shouldDisplayMessage" : false,
      "hasContent" : false
    }, {
      "name" : "输入验证码",
      "time" : {
        "start" : 1622199731279,
        "stop" : 1622199731329,
        "duration" : 50
      },
      "status" : "passed",
      "steps" : [ ],
      "attachments" : [ ],
      "parameters" : [ ],
      "stepsCount" : 0,
      "attachmentsCount" : 0,
      "shouldDisplayMessage" : false,
      "hasContent" : false
    }, {
      "name" : "点击登录",
      "time" : {
        "start" : 1622199733333,
        "stop" : 1622199733386,
        "duration" : 53
      },
      "status" : "passed",
      "steps" : [ ],
      "attachments" : [ ],
      "parameters" : [ ],
      "stepsCount" : 0,
      "attachmentsCount" : 0,
      "shouldDisplayMessage" : false,
      "hasContent" : false
    }, {
      "name" : "固定等待",
      "time" : {
        "start" : 1622199735391,
        "stop" : 1622199737394,
        "duration" : 2003
      },
      "status" : "passed",
      "steps" : [ ],
      "attachments" : [ ],
      "parameters" : [ ],
      "stepsCount" : 0,
      "attachmentsCount" : 0,
      "shouldDisplayMessage" : false,
      "hasContent" : false
    } ],
    "attachments" : [ ],
    "parameters" : [ ],
    "stepsCount" : 6,
    "attachmentsCount" : 0,
    "shouldDisplayMessage" : true,
    "hasContent" : true
  },
  "afterStages" : [ {
    "name" : "xunit_setup_class_fixture_Test_Loginfail::0",
    "time" : {
      "start" : 1622199739499,
      "stop" : 1622199739499,
      "duration" : 0
    },
    "status" : "passed",
    "steps" : [ ],
    "attachments" : [ ],
    "parameters" : [ ],
    "stepsCount" : 0,
    "attachmentsCount" : 0,
    "shouldDisplayMessage" : false,
    "hasContent" : false
  } ],
  "labels" : [ {
    "name" : "feature",
    "value" : "用户登陆失败"
  }, {
    "name" : "story",
    "value" : "用户登陆"
  }, {
    "name" : "tag",
    "value" : "login"
  }, {
    "name" : "tag",
    "value" : "run(order=1)"
  }, {
    "name" : "parentSuite",
    "value" : "cases"
  }, {
    "name" : "suite",
    "value" : "test_loginfail"
  }, {
    "name" : "subSuite",
    "value" : "Test_Loginfail"
  }, {
    "name" : "host",
    "value" : "liuyuedeMacBook-Pro.local"
  }, {
    "name" : "thread",
    "value" : "37121-MainThread"
  }, {
    "name" : "framework",
    "value" : "pytest"
  }, {
    "name" : "language",
    "value" : "cpython3"
  }, {
    "name" : "package",
    "value" : "cases.test_loginfail"
  }, {
    "name" : "resultFormat",
    "value" : "allure2"
  } ],
  "parameters" : [ {
    "name" : "listcases",
    "value" : "{'title': '登录失败', 'cases': [{'name': '打开登录页', 'method': 'geturl', 'url': 'http://testingedu.com.cn:8000/index.php/Home/user/login.html'}, {'name': '输入用户名', 'method': 'input', 'locator': 'xpath=//*[@id=\"username\"]', 'value': 13800138006}, {'name': '输入密码', 'method': 'input', 'locator': 'xpath=//*[@id=\"password\"]', 'value': 123456555}, {'name': '输入验证码', 'method': 'input', 'locator': 'xpath=//*[@id=\"verify_code\"]', 'value': 111111}, {'name': '点击登录', 'method': 'click', 'locator': 'xpath=//*[@id=\"loginform\"]/div/div[6]/a'}, {'name': '固定等待', 'method': 'sleep', 'time': 2}]}"
  } ],
  "links" : [ ],
  "hidden" : false,
  "retry" : false,
  "extra" : {
    "severity" : "normal",
    "retries" : [ {
      "uid" : "a75bf2d1596ded2c",
      "status" : "broken",
      "statusDetails" : "TypeError: click() takes 1 positional argument but 2 were given",
      "time" : {
        "start" : 1622197628016,
        "stop" : 1622197636558,
        "duration" : 8542
      }
    }, {
      "uid" : "4c37dd25c0d2f36a",
      "status" : "failed",
      "statusDetails" : "AssertionError: assert 'http://testi...er/login.html' == 'http://www.t...er/index.html'\n  - http://www.testingedu.com.cn:8000/index.php/Home/User/index.html\n  ?        ----                                      ^      ---\n  + http://testingedu.com.cn:8000/index.php/Home/user/login.html\n  ?                                              ^    +++",
      "time" : {
        "start" : 1622197416191,
        "stop" : 1622197430785,
        "duration" : 14594
      }
    }, {
      "uid" : "1cc4983d949107bd",
      "status" : "failed",
      "statusDetails" : "AssertionError: assert 'http://testi...er/login.html' == 'http://www.t...er/index.html'\n  - http://www.testingedu.com.cn:8000/index.php/Home/User/index.html\n  ?        ----                                      ^      ---\n  + http://testingedu.com.cn:8000/index.php/Home/user/login.html\n  ?                                              ^    +++",
      "time" : {
        "start" : 1622197081585,
        "stop" : 1622197096285,
        "duration" : 14700
      }
    }, {
      "uid" : "3e7b2c67e30df5c7",
      "status" : "failed",
      "statusDetails" : "AssertionError: assert 'http://testi...er/login.html' == 'http://www.t...er/index.html'\n  - http://www.testingedu.com.cn:8000/index.php/Home/User/index.html\n  ?        ----                                      ^      ---\n  + http://testingedu.com.cn:8000/index.php/Home/user/login.html\n  ?                                              ^    +++",
      "time" : {
        "start" : 1622196312198,
        "stop" : 1622196326828,
        "duration" : 14630
      }
    }, {
      "uid" : "f6ac34a1e387f895",
      "status" : "broken",
      "statusDetails" : "selenium.common.exceptions.WebDriverException: Message: unknown error: unhandled inspector error: {\"code\":-32000,\"message\":\"No target with given id\"}\n  (Session info: chrome=87.0.4280.141)",
      "time" : {
        "start" : 1622195996021,
        "stop" : 1622195996021,
        "duration" : 0
      }
    }, {
      "uid" : "9fc9ece72faf9fbd",
      "status" : "broken",
      "statusDetails" : "selenium.common.exceptions.WebDriverException: Message: unknown error: unhandled inspector error: {\"code\":-32000,\"message\":\"No target with given id\"}\n  (Session info: chrome=87.0.4280.141)",
      "time" : {
        "start" : 1622195721607,
        "stop" : 1622195721607,
        "duration" : 0
      }
    } ],
    "categories" : [ {
      "name" : "Product defects",
      "matchedStatuses" : [ ],
      "flaky" : false
    } ],
    "tags" : [ "run(order=1)", "login" ]
  },
  "source" : "7923186b849bfd33.json",
  "parameterValues" : [ "{'title': '登录失败', 'cases': [{'name': '打开登录页', 'method': 'geturl', 'url': 'http://testingedu.com.cn:8000/index.php/Home/user/login.html'}, {'name': '输入用户名', 'method': 'input', 'locator': 'xpath=//*[@id=\"username\"]', 'value': 13800138006}, {'name': '输入密码', 'method': 'input', 'locator': 'xpath=//*[@id=\"password\"]', 'value': 123456555}, {'name': '输入验证码', 'method': 'input', 'locator': 'xpath=//*[@id=\"verify_code\"]', 'value': 111111}, {'name': '点击登录', 'method': 'click', 'locator': 'xpath=//*[@id=\"loginform\"]/div/div[6]/a'}, {'name': '固定等待', 'method': 'sleep', 'time': 2}]}" ]
}